Vivado Simulator v2023.1
Copyright 1986-2022 Xilinx, Inc. All Rights Reserved.
Copyright 2022-2023 Advanced Micro Devices, Inc. All Rights Reserved.
Running: D:/Apps/Vivado/2023.1/bin/unwrapped/win64.o/xelab.exe --incr --debug typical --relax --mt 2 -L xil_defaultlib -L blk_mem_gen_v8_4_6 -L unisims_ver -L unimacro_ver -L secureip -L xpm --snapshot hdmi_demo_blue_test_behav xil_defaultlib.hdmi_demo_blue_test xil_defaultlib.glbl -log elaborate.log 
Using 2 slave threads.
Starting static elaboration
Pass Through NonSizing Optimizer
WARNING: [VRFC 10-3091] actual bit length 6 differs from formal bit length 8 for port 'probe_in0' [C:/Users/andre/Documents/IMPORTANT/FotoNation_HDMI_TextEditor/FotoNation_HDMI_TextEditor.srcs/sources_1/imports/hdmi_blue/hdmi_demo_blue.v:128]
WARNING: [VRFC 10-3091] actual bit length 6 differs from formal bit length 8 for port 'probe_in1' [C:/Users/andre/Documents/IMPORTANT/FotoNation_HDMI_TextEditor/FotoNation_HDMI_TextEditor.srcs/sources_1/imports/hdmi_blue/hdmi_demo_blue.v:129]
Completed static elaboration
Starting simulation data flow analysis
Completed simulation data flow analysis
Time Resolution for simulation is 1ps
Compiling package std.standard
Compiling package std.textio
Compiling package ieee.std_logic_1164
Compiling package ieee.numeric_std
Compiling package unisim.vcomponents
Compiling package ieee.std_logic_arith
Compiling package ieee.vital_timing
Compiling package ieee.vital_primitives
Compiling package unisim.vpkg
Compiling package xil_defaultlib.dvi_constants
Compiling module unisims_ver.BUFG
Compiling module unisims_ver.IBUF
Compiling module unisims_ver.MMCME2_ADV(CLKFBOUT_MULT_F=62.37...
Compiling module xil_defaultlib.clk_wiz_pixel_serial_clk_wiz
Compiling module xil_defaultlib.clk_wiz_pixel_serial
Compiling module xil_defaultlib.fifo2vga(RESOLUTION="FULL_HD")
Compiling architecture behavioral of entity xil_defaultlib.TMDS_Encoder [tmds_encoder_default]
Compiling architecture behavioral of entity xil_defaultlib.SyncAsync [\SyncAsync(kresetto='1')\]
Compiling architecture behavioral of entity xil_defaultlib.ResetBridge [resetbridge_default]
Compiling architecture obufds_v of entity unisim.OBUFDS [\OBUFDS(iostandard="TMDS_33")(1,...]
Compiling architecture oserdese2_v of entity unisim.OSERDESE2 [\OSERDESE2(data_rate_tq="SDR",da...]
Compiling architecture oserdese2_v of entity unisim.OSERDESE2 [\OSERDESE2(data_rate_tq="SDR",da...]
Compiling architecture behavioral of entity xil_defaultlib.OutputSERDES [outputserdes_default]
Compiling architecture behavioral of entity xil_defaultlib.rgb2dvi [rgb2dvi_default]
Compiling module xil_defaultlib.hdmi_drv(RESOLUTION="FULL_HD")
Compiling module xil_defaultlib.vio_0
Compiling module blk_mem_gen_v8_4_6.blk_mem_gen_v8_4_6_output_stage(...
Compiling module blk_mem_gen_v8_4_6.blk_mem_gen_v8_4_6_output_stage(...
Compiling module blk_mem_gen_v8_4_6.blk_mem_gen_v8_4_6_softecc_outpu...
Compiling module blk_mem_gen_v8_4_6.blk_mem_gen_v8_4_6_mem_module(C_...
Compiling module blk_mem_gen_v8_4_6.blk_mem_gen_v8_4_6(C_FAMILY="zyn...
Compiling module xil_defaultlib.blk_mem_gen_0
Compiling module xil_defaultlib.hdmi_demo_blue_default
Compiling module xil_defaultlib.hdmi_demo_blue_test
Compiling module xil_defaultlib.glbl
Built simulation snapshot hdmi_demo_blue_test_behav
